0 info it worked if it ends with ok
1 verbose cli [ '/usr/local/bin/node', '/usr/local/bin/npm', 'shrinkwrap' ]
2 info using npm@1.3.14
3 info using node@v0.10.22
4 error Error: Problems were encountered
4 error Please correct and try again.
4 error extraneous: aws-sign@0.3.0 /usr/local/personal/graffeine/node_modules/d3/node_modules/jsdom/node_modules/request/node_modules/aws-sign
4 error extraneous: cookie-jar@0.3.0 /usr/local/personal/graffeine/node_modules/d3/node_modules/jsdom/node_modules/request/node_modules/cookie-jar
4 error extraneous: mime@1.2.9 /usr/local/personal/graffeine/node_modules/d3/node_modules/jsdom/node_modules/request/node_modules/mime
4 error     at shrinkwrap_ (/usr/local/lib/node_modules/npm/lib/shrinkwrap.js:29:15)
4 error     at /usr/local/lib/node_modules/npm/lib/shrinkwrap.js:23:5
4 error     at /usr/local/lib/node_modules/npm/lib/ls.js:43:30
4 error     at /usr/local/lib/node_modules/npm/node_modules/read-installed/read-installed.js:119:5
4 error     at /usr/local/lib/node_modules/npm/node_modules/read-installed/read-installed.js:233:14
4 error     at cb (/usr/local/lib/node_modules/npm/node_modules/slide/lib/async-map.js:48:11)
4 error     at /usr/local/lib/node_modules/npm/node_modules/read-installed/read-installed.js:233:14
4 error     at cb (/usr/local/lib/node_modules/npm/node_modules/slide/lib/async-map.js:48:11)
4 error     at /usr/local/lib/node_modules/npm/node_modules/read-installed/read-installed.js:233:14
4 error     at cb (/usr/local/lib/node_modules/npm/node_modules/slide/lib/async-map.js:48:11)
5 error If you need help, you may report this log at:
5 error     <http://github.com/isaacs/npm/issues>
5 error or email it to:
5 error     <npm-@googlegroups.com>
6 error System Darwin 13.3.0
7 error command "/usr/local/bin/node" "/usr/local/bin/npm" "shrinkwrap"
8 error cwd /usr/local/personal/graffeine
9 error node -v v0.10.22
10 error npm -v 1.3.14
11 verbose exit [ 1, true ]
